Fri Jun 30 11:19:13 2023: Running xcd server. This server was built by gradle.
Fri Jun 30 11:19:13 2023: Server was asked to start on port: '44814'
Fri Jun 30 11:19:13 2023: Server is using token UUID: 'a4fc4d80-84ba-43fc-9198-817f0b6e3270'
Fri Jun 30 11:19:13 2023: SESSION_MGR: creating session with session uuid: '6d04a3e9-ade5-4ab9-8d63-1f78fcd2ec76' and name 'default'
Fri Jun 30 11:19:13 2023: Attempting to start server on port '44814'
Fri Jun 30 11:19:13 2023: XCD main fifo: created main fifo '/tmp/xcdmaina4fc4d80-84ba-43fc-9198-817f0b6e3270', fd read = 12
Fri Jun 30 11:19:13 2023: Running Dispatch Server
Fri Jun 30 11:19:13 2023: Version 2.2.0
Fri Jun 30 11:19:21 2023: Dispatch Server: Accepted socket connection from client
Fri Jun 30 11:19:21 2023: Starting Socket connection
Fri Jun 30 11:19:21 2023: EXCHANGE_TOKEN received, server token: a4fc4d80-84ba-43fc-9198-817f0b6e3270, passed token: a4fc4d80-84ba-43fc-9198-817f0b6e3270
Fri Jun 30 11:19:21 2023: SESSION_MGR: creating session with session uuid: '42f27d1c-ec75-46a0-ac63-9185c98f1f71' and name 'vitis_hls'
Fri Jun 30 11:19:21 2023: KERNEL_SVC: creating session with uuid: '42f27d1c-ec75-46a0-ac63-9185c98f1f71' and name 'vitis_hls'
Fri Jun 30 11:19:21 2023: GUIDANCE_SMGR: creating guidance session with uuid: '42f27d1c-ec75-46a0-ac63-9185c98f1f71' and name 'vitis_hls'
Fri Jun 30 11:19:50 2023: STOP_SERVER received, server token: a4fc4d80-84ba-43fc-9198-817f0b6e3270, passed token: a4fc4d80-84ba-43fc-9198-817f0b6e3270
Fri Jun 30 11:19:50 2023: Socket received request to stop server.
Fri Jun 30 11:19:50 2023: Dispatch Server: do_await_stop
Fri Jun 30 11:19:50 2023: Dispatch Server: stopping mainFifo_
Fri Jun 30 11:19:50 2023: XCD main fifo: Stopping
Fri Jun 30 11:19:50 2023: XCD main fifo: do_read error code: Operation canceled
Fri Jun 30 11:19:50 2023: XCD main fifo: bytes_transferred: 0
Fri Jun 30 11:19:50 2023: SERVER: destructor for server bound to port 44814
Fri Jun 30 11:19:50 2023: XCD main fifo: Good unlink of /tmp/xcdmaina4fc4d80-84ba-43fc-9198-817f0b6e3270
Fri Jun 30 11:19:50 2023: Server exiting with status 0.
Fri Jun 30 11:19:50 2023: Closing log file.
